[2026-03-27T07:55:55.322Z] Error: 出错了
    at C:\Users\qllsd\Desktop\study\20260327\index.js:9:9
    at Layer.handle [as handle_request] (C:\Users\qllsd\Desktop\study\node_modules\express\lib\router\layer.js:95:5)
    at next (C:\Users\qllsd\Desktop\study\node_modules\express\lib\router\route.js:149:13)
    at Route.dispatch (C:\Users\qllsd\Desktop\study\node_modules\express\lib\router\route.js:119:3)
    at Layer.handle [as handle_request] (C:\Users\qllsd\Desktop\study\node_modules\express\lib\router\layer.js:95:5)
    at C:\Users\qllsd\Desktop\study\node_modules\express\lib\router\index.js:284:15
    at Function.process_params (C:\Users\qllsd\Desktop\study\node_modules\express\lib\router\index.js:346:12)
    at next (C:\Users\qllsd\Desktop\study\node_modules\express\lib\router\index.js:280:10)
    at C:\Users\qllsd\Desktop\study\node_modules\body-parser\lib\read.js:137:5
    at AsyncResource.runInAsyncScope (node:async_hooks:203:9) 

[2026-03-27T07:56:19.013Z] Error: 出错了
    at C:\Users\qllsd\Desktop\study\20260327\index.js:11:9
    at Layer.handle [as handle_request] (C:\Users\qllsd\Desktop\study\node_modules\express\lib\router\layer.js:95:5)
    at next (C:\Users\qllsd\Desktop\study\node_modules\express\lib\router\route.js:149:13)
    at Route.dispatch (C:\Users\qllsd\Desktop\study\node_modules\express\lib\router\route.js:119:3)
    at Layer.handle [as handle_request] (C:\Users\qllsd\Desktop\study\node_modules\express\lib\router\layer.js:95:5)
    at C:\Users\qllsd\Desktop\study\node_modules\express\lib\router\index.js:284:15
    at Function.process_params (C:\Users\qllsd\Desktop\study\node_modules\express\lib\router\index.js:346:12)
    at next (C:\Users\qllsd\Desktop\study\node_modules\express\lib\router\index.js:280:10)
    at C:\Users\qllsd\Desktop\study\node_modules\body-parser\lib\read.js:137:5
    at AsyncResource.runInAsyncScope (node:async_hooks:203:9) 

[2026-03-27T07:56:25.466Z] Error: 出错了
    at C:\Users\qllsd\Desktop\study\20260327\index.js:11:9
    at Layer.handle [as handle_request] (C:\Users\qllsd\Desktop\study\node_modules\express\lib\router\layer.js:95:5)
    at next (C:\Users\qllsd\Desktop\study\node_modules\express\lib\router\route.js:149:13)
    at Route.dispatch (C:\Users\qllsd\Desktop\study\node_modules\express\lib\router\route.js:119:3)
    at Layer.handle [as handle_request] (C:\Users\qllsd\Desktop\study\node_modules\express\lib\router\layer.js:95:5)
    at C:\Users\qllsd\Desktop\study\node_modules\express\lib\router\index.js:284:15
    at Function.process_params (C:\Users\qllsd\Desktop\study\node_modules\express\lib\router\index.js:346:12)
    at next (C:\Users\qllsd\Desktop\study\node_modules\express\lib\router\index.js:280:10)
    at C:\Users\qllsd\Desktop\study\node_modules\body-parser\lib\read.js:137:5
    at AsyncResource.runInAsyncScope (node:async_hooks:203:9) 

[2026-03-27T07:56:32.610Z] Error: 出错了
    at C:\Users\qllsd\Desktop\study\20260327\index.js:11:9
    at Layer.handle [as handle_request] (C:\Users\qllsd\Desktop\study\node_modules\express\lib\router\layer.js:95:5)
    at next (C:\Users\qllsd\Desktop\study\node_modules\express\lib\router\route.js:149:13)
    at Route.dispatch (C:\Users\qllsd\Desktop\study\node_modules\express\lib\router\route.js:119:3)
    at Layer.handle [as handle_request] (C:\Users\qllsd\Desktop\study\node_modules\express\lib\router\layer.js:95:5)
    at C:\Users\qllsd\Desktop\study\node_modules\express\lib\router\index.js:284:15
    at Function.process_params (C:\Users\qllsd\Desktop\study\node_modules\express\lib\router\index.js:346:12)
    at next (C:\Users\qllsd\Desktop\study\node_modules\express\lib\router\index.js:280:10)
    at C:\Users\qllsd\Desktop\study\node_modules\body-parser\lib\read.js:137:5
    at AsyncResource.runInAsyncScope (node:async_hooks:203:9) 

